  20190327.cpp
C:\Users\dell\source\repos\20190327\20190327\20190327.cpp(53,43): warning C4305: “参数”: 从“double”到“float”截断
  fun.cpp
C:\Users\dell\source\repos\20190327\20190327\fun.cpp(7,35): warning C4244: “=”: 从“double”转换到“_Tp”，可能丢失数据
          with
          [
              _Tp=int
          ]
C:\Users\dell\source\repos\20190327\20190327\fun.cpp(27,21): warning C4244: “+=”: 从“double”转换到“_Tp”，可能丢失数据
          with
          [
              _Tp=int
          ]
C:\Users\dell\source\repos\20190327\20190327\fun.cpp(28,21): warning C4244: “+=”: 从“double”转换到“_Tp”，可能丢失数据
          with
          [
              _Tp=int
          ]
C:\Users\dell\source\repos\20190327\20190327\fun.cpp(141,53): warning C4244: “参数”: 从“double”转换到“uchar”，可能丢失数据
C:\Users\dell\source\repos\20190327\20190327\fun.cpp(147,62): warning C4244: “参数”: 从“double”转换到“uchar”，可能丢失数据
C:\Users\dell\source\repos\20190327\20190327\fun.cpp(193,12): warning C4244: “参数”: 从“time_t”转换到“unsigned int”，可能丢失数据
C:\Users\dell\source\repos\20190327\20190327\fun.cpp(343,13): warning C4244: “初始化”: 从“double”转换到“float”，可能丢失数据
C:\Users\dell\source\repos\20190327\20190327\fun.cpp(358,14): warning C4244: “初始化”: 从“double”转换到“float”，可能丢失数据
  正在生成代码
  Previous IPDB not found, fall back to full compilation.
  All 419 functions were compiled because no usable IPDB/IOBJ from previous compilation was found.
  已完成代码的生成
  20190327.vcxproj -> C:\Users\dell\source\repos\20190327\x64\Release\20190327.exe
